Started by user Ravi Kumar
Running as SYSTEM
Building in workspace C:\Users\kumarravi\.jenkins\workspace\eCommerce-BuildAndRun
The recommended git tool is: NONE
using credential rkgithub
 > git.exe rev-parse --is-inside-work-tree # timeout=10
Fetching changes from the remote Git repository
 > git.exe config remote.origin.url https://github.com/ravikr42/eCommerce-Application # timeout=10
Fetching upstream changes from https://github.com/ravikr42/eCommerce-Application
 > git.exe --version # timeout=10
 > git --version # 'git version 2.30.0.windows.1'
using GIT_ASKPASS to set credentials github
 > git.exe fetch --tags --force --progress -- https://github.com/ravikr42/eCommerce-Application +refs/heads/*:refs/remotes/origin/* # timeout=10
 > git.exe rev-parse "refs/remotes/origin/master^{commit}" # timeout=10
Checking out Revision 16f2aff71919cdbd94fc537ff1b4863ca7ccfc27 (refs/remotes/origin/master)
 > git.exe config core.sparsecheckout # timeout=10
 > git.exe checkout -f 16f2aff71919cdbd94fc537ff1b4863ca7ccfc27 # timeout=10
Commit message: "Changed Secret Key"
 > git.exe rev-list --no-walk 16f2aff71919cdbd94fc537ff1b4863ca7ccfc27 # timeout=10
[eCommerce-BuildAndRun] $ cmd.exe /C "C:\apache-maven-3.6.3\bin\mvn.cmd clean test && exit %%ERRORLEVEL%%"
[INFO] Scanning for projects...
[INFO]
[INFO] -----------------< com.example:eCommerce-Application >------------------
[INFO] Building eCommerce-Application 0.0.1-SNAPSHOT
[INFO] --------------------------------[ jar ]---------------------------------
[INFO]
[INFO] --- maven-clean-plugin:3.1.0:clean (default-clean) @ eCommerce-Application ---
[INFO] Deleting C:\Users\kumarravi\.jenkins\workspace\eCommerce-BuildAndRun\target
[INFO]
[INFO] --- maven-resources-plugin:3.1.0:resources (default-resources) @ eCommerce-Application ---
[INFO] Using 'UTF-8' encoding to copy filtered resources.
[INFO] Copying 1 resource
[INFO] Copying 1 resource
[INFO]
[INFO] --- maven-compiler-plugin:3.8.1:compile (default-compile) @ eCommerce-Application ---
[INFO] Changes detected - recompiling the module!
[INFO] Compiling 20 source files to C:\Users\kumarravi\.jenkins\workspace\eCommerce-BuildAndRun\target\classes
[INFO]
[INFO] --- maven-resources-plugin:3.1.0:testResources (default-testResources) @ eCommerce-Application ---
[INFO] Using 'UTF-8' encoding to copy filtered resources.
[INFO] skip non existing resourceDirectory C:\Users\kumarravi\.jenkins\workspace\eCommerce-BuildAndRun\src\test\resources
[INFO]
[INFO] --- maven-compiler-plugin:3.8.1:testCompile (default-testCompile) @ eCommerce-Application ---
[INFO] Changes detected - recompiling the module!
[INFO] Compiling 8 source files to C:\Users\kumarravi\.jenkins\workspace\eCommerce-BuildAndRun\target\test-classes
[INFO] /C:/Users/kumarravi/.jenkins/workspace/eCommerce-BuildAndRun/src/test/java/com/example/demo/LoginTest.java: C:\Users\kumarravi\.jenkins\workspace\eCommerce-BuildAndRun\src\test\java\com\example\demo\LoginTest.java uses unchecked or unsafe operations.
[INFO] /C:/Users/kumarravi/.jenkins/workspace/eCommerce-BuildAndRun/src/test/java/com/example/demo/LoginTest.java: Recompile with -Xlint:unchecked for details.
[INFO]
[INFO] --- maven-surefire-plugin:2.22.2:test (default-test) @ eCommerce-Application ---
[INFO]
[INFO] -------------------------------------------------------
[INFO]  T E S T S
[INFO] -------------------------------------------------------
[INFO] Running com.example.demo.controller.CartControllerTest
18:12:26.282 [main] INFO com.example.demo.controllers.CartController - CartController removing item with id  1 to cart
18:12:26.294 [main] ERROR com.example.demo.controllers.CartController - CartController user with username ravikr42 is not found
18:12:26.424 [main] INFO com.example.demo.controllers.CartController - CartController removing item with id  1 to cart
18:12:26.426 [main] INFO com.example.demo.controllers.CartController - CartController adding item with id  1 to cart
18:12:26.426 [main] ERROR com.example.demo.controllers.CartController - CartController item with id 1 is not found
18:12:26.427 [main] INFO com.example.demo.controllers.CartController - CartController adding item with id  1 to cart
18:12:26.427 [main] ERROR com.example.demo.controllers.CartController - CartController user with username ravikr42 is not found
18:12:26.428 [main] INFO com.example.demo.controllers.CartController - CartController adding item with id  1 to cart
18:12:26.436 [main] INFO com.example.demo.controllers.CartController - CartController removing item with id  1 to cart
[INFO] Tests run: 6, Failures: 0, Errors: 0, Skipped: 0, Time elapsed: 2.164 s - in com.example.demo.controller.CartControllerTest
[INFO] Running com.example.demo.controller.ItemControllerTest
18:12:26.441 [main] INFO com.example.demo.controllers.ItemController - ItemController requesting item by name DummyItem
18:12:26.444 [main] INFO com.example.demo.controllers.ItemController - ItemController requesting item by name DummyItem
18:12:26.447 [main] INFO com.example.demo.controllers.ItemController - ItemController requesting all items
18:12:26.450 [main] INFO com.example.demo.controllers.ItemController - ItemController requesting item by id 1
18:12:26.452 [main] INFO com.example.demo.controllers.ItemController - ItemController requesting item by id 1
[INFO] Tests run: 5, Failures: 0, Errors: 0, Skipped: 0, Time elapsed: 0.004 s - in com.example.demo.controller.ItemControllerTest
[INFO] Running com.example.demo.controller.OrderControllerTest
18:12:26.508 [main] ERROR com.example.demo.controllers.OrderController - User with username ravikr42 is not found
18:12:26.509 [main] ERROR com.example.demo.controllers.OrderController - User with username ravikr42 is not found
18:12:26.510 [main] INFO com.example.demo.controllers.OrderController - Order history for ravikr42 is retrieved
18:12:26.516 [main] INFO com.example.demo.controllers.OrderController - order is submitted for user having username ravikr42
[INFO] Tests run: 4, Failures: 0, Errors: 0, Skipped: 0, Time elapsed: 0.021 s - in com.example.demo.controller.OrderControllerTest
[INFO] Running com.example.demo.controller.UserControllerTest
18:12:26.578 [main] INFO com.example.demo.controllers.UserController - find user with username invuser is requested
18:12:26.587 [main] INFO com.example.demo.controllers.UserController - Create User with UserName ravikr42 is received
18:12:26.590 [main] INFO com.example.demo.controllers.UserController - find user with id 1 is requested
18:12:26.591 [main] INFO com.example.demo.controllers.UserController - find user with id 2 is requested
18:12:26.592 [main] INFO com.example.demo.controllers.UserController - find user with username ravikr42 is requested
[INFO] Tests run: 5, Failures: 0, Errors: 0, Skipped: 0, Time elapsed: 0.063 s - in com.example.demo.controller.UserControllerTest
[INFO] Running com.example.demo.LoginTest
18:12:26.694 [main] DEBUG org.springframework.test.context.junit4.SpringJUnit4ClassRunner - SpringJUnit4ClassRunner constructor called with [class com.example.demo.LoginTest]
18:12:26.698 [main] DEBUG org.springframework.test.context.BootstrapUtils - Instantiating CacheAwareContextLoaderDelegate from class [org.springframework.test.context.cache.DefaultCacheAwareContextLoaderDelegate]
18:12:26.716 [main] DEBUG org.springframework.test.context.BootstrapUtils - Instantiating BootstrapContext using constructor [public org.springframework.test.context.support.DefaultBootstrapContext(java.lang.Class,org.springframework.test.context.CacheAwareContextLoaderDelegate)]
18:12:26.762 [main] DEBUG org.springframework.test.context.BootstrapUtils - Instantiating TestContextBootstrapper for test class [com.example.demo.LoginTest] from class [org.springframework.boot.test.context.SpringBootTestContextBootstrapper]
18:12:26.788 [main] INFO org.springframework.boot.test.context.SpringBootTestContextBootstrapper - Neither @ContextConfiguration nor @ContextHierarchy found for test class [com.example.demo.LoginTest], using SpringBootContextLoader
18:12:26.796 [main] DEBUG org.springframework.test.context.support.AbstractContextLoader - Did not detect default resource location for test class [com.example.demo.LoginTest]: class path resource [com/example/demo/LoginTest-context.xml] does not exist
18:12:26.798 [main] DEBUG org.springframework.test.context.support.AbstractContextLoader - Did not detect default resource location for test class [com.example.demo.LoginTest]: class path resource [com/example/demo/LoginTestContext.groovy] does not exist
18:12:26.802 [main] INFO org.springframework.test.context.support.AbstractContextLoader - Could not detect default resource locations for test class [com.example.demo.LoginTest]: no resource found for suffixes {-context.xml, Context.groovy}.
18:12:26.805 [main] INFO org.springframework.test.context.support.AnnotationConfigContextLoaderUtils - Could not detect default configuration classes for test class [com.example.demo.LoginTest]: LoginTest does not declare any static, non-private, non-final, nested classes annotated with @Configuration.
18:12:26.930 [main] DEBUG org.springframework.test.context.support.ActiveProfilesUtils - Could not find an 'annotation declaring class' for annotation type [org.springframework.test.context.ActiveProfiles] and class [com.example.demo.LoginTest]
18:12:27.090 [main] DEBUG org.springframework.context.annotation.ClassPathScanningCandidateComponentProvider - Identified candidate component class: file [C:\Users\kumarravi\.jenkins\workspace\eCommerce-BuildAndRun\target\classes\com\example\demo\SareetaApplication.class]
18:12:27.092 [main] INFO org.springframework.boot.test.context.SpringBootTestContextBootstrapper - Found @SpringBootConfiguration com.example.demo.SareetaApplication for test class com.example.demo.LoginTest
18:12:27.230 [main] DEBUG org.springframework.boot.test.context.SpringBootTestContextBootstrapper - @TestExecutionListeners is not present for class [com.example.demo.LoginTest]: using defaults.
18:12:27.230 [main] INFO org.springframework.boot.test.context.SpringBootTestContextBootstrapper - Loaded default TestExecutionListener class names from location [META-INF/spring.factories]: [org.springframework.security.test.context.support.WithSecurityContextTestExecutionListener, org.springframework.security.test.context.support.ReactorContextTestExecutionListener, org.springframework.test.context.web.ServletTestExecutionListener, org.springframework.test.context.support.DirtiesContextBeforeModesTestExecutionListener, org.springframework.test.context.support.DependencyInjectionTestExecutionListener, org.springframework.test.context.support.DirtiesContextTestExecutionListener, org.springframework.test.context.transaction.TransactionalTestExecutionListener, org.springframework.test.context.jdbc.SqlScriptsTestExecutionListener, org.springframework.boot.test.mock.mockito.MockitoTestExecutionListener, org.springframework.boot.test.mock.mockito.ResetMocksTestExecutionListener, org.springframework.boot.test.autoconfigure.restdocs.RestDocsTestExecutionListener, org.springframework.boot.test.autoconfigure.web.client.MockRestServiceServerResetTestExecutionListener, org.springframework.boot.test.autoconfigure.web.servlet.MockMvcPrintOnlyOnFailureTestExecutionListener, org.springframework.boot.test.autoconfigure.web.servlet.WebDriverTestExecutionListener]
18:12:27.270 [main] INFO org.springframework.boot.test.context.SpringBootTestContextBootstrapper - Using TestExecutionListeners: [org.springframework.test.context.web.ServletTestExecutionListener@878452d, org.springframework.test.context.support.DirtiesContextBeforeModesTestExecutionListener@426b6a74, org.springframework.boot.test.mock.mockito.MockitoTestExecutionListener@4c51bb7, org.springframework.boot.test.autoconfigure.SpringBootDependencyInjectionTestExecutionListener@83298d7, org.springframework.test.context.support.DirtiesContextTestExecutionListener@42a9e5d1, org.springframework.test.context.transaction.TransactionalTestExecutionListener@5b080f3a, org.springframework.test.context.jdbc.SqlScriptsTestExecutionListener@773cbf4f, org.springframework.security.test.context.support.WithSecurityContextTestExecutionListener@6b54655f, org.springframework.security.test.context.support.ReactorContextTestExecutionListener@665e9289, org.springframework.boot.test.mock.mockito.ResetMocksTestExecutionListener@7d3430a7, org.springframework.boot.test.autoconfigure.restdocs.RestDocsTestExecutionListener@6f603e89, org.springframework.boot.test.autoconfigure.web.client.MockRestServiceServerResetTestExecutionListener@2756c0a7, org.springframework.boot.test.autoconfigure.web.servlet.MockMvcPrintOnlyOnFailureTestExecutionListener@350ec41e, org.springframework.boot.test.autoconfigure.web.servlet.WebDriverTestExecutionListener@69637b10]
18:12:27.274 [main] DEBUG org.springframework.test.annotation.ProfileValueUtils - Retrieved @ProfileValueSourceConfiguration [null] for test class [com.example.demo.LoginTest]
18:12:27.274 [main] DEBUG org.springframework.test.annotation.ProfileValueUtils - Retrieved ProfileValueSource type [class org.springframework.test.annotation.SystemProfileValueSource] for class [com.example.demo.LoginTest]
18:12:27.274 [main] DEBUG org.springframework.test.annotation.ProfileValueUtils - Retrieved @ProfileValueSourceConfiguration [null] for test class [com.example.demo.LoginTest]
18:12:27.276 [main] DEBUG org.springframework.test.annotation.ProfileValueUtils - Retrieved ProfileValueSource type [class org.springframework.test.annotation.SystemProfileValueSource] for class [com.example.demo.LoginTest]
18:12:27.276 [main] DEBUG org.springframework.test.annotation.ProfileValueUtils - Retrieved @ProfileValueSourceConfiguration [null] for test class [com.example.demo.LoginTest]
18:12:27.276 [main] DEBUG org.springframework.test.annotation.ProfileValueUtils - Retrieved ProfileValueSource type [class org.springframework.test.annotation.SystemProfileValueSource] for class [com.example.demo.LoginTest]
18:12:27.276 [main] DEBUG org.springframework.test.annotation.ProfileValueUtils - Retrieved @ProfileValueSourceConfiguration [null] for test class [com.example.demo.LoginTest]
18:12:27.278 [main] DEBUG org.springframework.test.annotation.ProfileValueUtils - Retrieved ProfileValueSource type [class org.springframework.test.annotation.SystemProfileValueSource] for class [com.example.demo.LoginTest]
18:12:27.278 [main] DEBUG org.springframework.test.annotation.ProfileValueUtils - Retrieved @ProfileValueSourceConfiguration [null] for test class [com.example.demo.LoginTest]
18:12:27.278 [main] DEBUG org.springframework.test.annotation.ProfileValueUtils - Retrieved ProfileValueSource type [class org.springframework.test.annotation.SystemProfileValueSource] for class [com.example.demo.LoginTest]
18:12:27.284 [main] DEBUG org.springframework.test.context.support.AbstractDirtiesContextTestExecutionListener - Before test class: context [DefaultTestContext@34a97744 testClass = LoginTest, testInstance = [null], testMethod = [null], testException = [null], mergedContextConfiguration = [WebMergedContextConfiguration@4275c20c testClass = LoginTest, locations = '{}', classes = '{class com.example.demo.SareetaApplication}', contextInitializerClasses = '[]', activeProfiles = '{}', propertySourceLocations = '{}', propertySourceProperties = '{org.springframework.boot.test.context.SpringBootTestContextBootstrapper=true, server.port=0}', contextCustomizers = set[org.springframework.boot.test.context.filter.ExcludeFilterContextCustomizer@324a0017, org.springframework.boot.test.json.DuplicateJsonObjectContextCustomizerFactory$DuplicateJsonObjectContextCustomizer@7502291e, org.springframework.boot.test.mock.mockito.MockitoContextCustomizer@0, org.springframework.boot.test.web.client.TestRestTemplateContextCustomizer@35229f85, org.springframework.boot.test.autoconfigure.properties.PropertyMappingContextCustomizer@0, org.springframework.boot.test.autoconfigure.web.servlet.WebDriverContextCustomizerFactory$Customizer@63f8276e], resourceBasePath = 'src/main/webapp', contextLoader = 'org.springframework.boot.test.context.SpringBootContextLoader', parent = [null]], attributes = map['org.springframework.test.context.web.ServletTestExecutionListener.activateListener' -> false]], class annotated with @DirtiesContext [false] with mode [null].
18:12:27.286 [main] DEBUG org.springframework.test.annotation.ProfileValueUtils - Retrieved @ProfileValueSourceConfiguration [null] for test class [com.example.demo.LoginTest]
18:12:27.286 [main] DEBUG org.springframework.test.annotation.ProfileValueUtils - Retrieved ProfileValueSource type [class org.springframework.test.annotation.SystemProfileValueSource] for class [com.example.demo.LoginTest]
18:12:27.298 [main] DEBUG org.springframework.test.context.support.DependencyInjectionTestExecutionListener - Performing dependency injection for test context [[DefaultTestContext@34a97744 testClass = LoginTest, testInstance = com.example.demo.LoginTest@1ddae9b5, testMethod = [null], testException = [null], mergedContextConfiguration = [WebMergedContextConfiguration@4275c20c testClass = LoginTest, locations = '{}', classes = '{class com.example.demo.SareetaApplication}', contextInitializerClasses = '[]', activeProfiles = '{}', propertySourceLocations = '{}', propertySourceProperties = '{org.springframework.boot.test.context.SpringBootTestContextBootstrapper=true, server.port=0}', contextCustomizers = set[org.springframework.boot.test.context.filter.ExcludeFilterContextCustomizer@324a0017, org.springframework.boot.test.json.DuplicateJsonObjectContextCustomizerFactory$DuplicateJsonObjectContextCustomizer@7502291e, org.springframework.boot.test.mock.mockito.MockitoContextCustomizer@0, org.springframework.boot.test.web.client.TestRestTemplateContextCustomizer@35229f85, org.springframework.boot.test.autoconfigure.properties.PropertyMappingContextCustomizer@0, org.springframework.boot.test.autoconfigure.web.servlet.WebDriverContextCustomizerFactory$Customizer@63f8276e], resourceBasePath = 'src/main/webapp', contextLoader = 'org.springframework.boot.test.context.SpringBootContextLoader', parent = [null]], attributes = map['org.springframework.test.context.web.ServletTestExecutionListener.activateListener' -> false]]].
18:12:27.358 [main] DEBUG org.springframework.test.context.support.TestPropertySourceUtils - Adding inlined properties to environment: {spring.jmx.enabled=false, org.springframework.boot.test.context.SpringBootTestContextBootstrapper=true, server.port=0}

  .   ____          _            __ _ _
 /\\ / ___'_ __ _ _(_)_ __  __ _ \ \ \ \
( ( )\___ | '_ | '_| | '_ \/ _` | \ \ \ \
 \\/  ___)| |_)| | | | | || (_| |  ) ) ) )
  '  |____| .__|_| |_|_| |_\__, | / / / /
 =========|_|==============|___/=/_/_/_/
 :: Spring Boot ::        (v2.1.5.RELEASE)

2021-01-02 18:12:27.908  INFO 13744 --- [           main] com.example.demo.LoginTest               : Starting LoginTest on DESKTOP-1C4NRSG with PID 13744 (started by kumarravi in C:\Users\kumarravi\.jenkins\workspace\eCommerce-BuildAndRun)
2021-01-02 18:12:27.910  INFO 13744 --- [           main] com.example.demo.LoginTest               : No active profile set, falling back to default profiles: default
2021-01-02 18:12:29.098  INFO 13744 --- [           main] .s.d.r.c.RepositoryConfigurationDelegate : Bootstrapping Spring Data repositories in DEFAULT mode.
2021-01-02 18:12:29.274  INFO 13744 --- [           main] .s.d.r.c.RepositoryConfigurationDelegate : Finished Spring Data repository scanning in 158ms. Found 4 repository interfaces.
2021-01-02 18:12:30.540  INFO 13744 --- [           main] trationDelegate$BeanPostProcessorChecker : Bean 'org.springframework.transaction.annotation.ProxyTransactionManagementConfiguration' of type [org.springframework.transaction.annotation.ProxyTransactionManagementConfiguration$$EnhancerBySpringCGLIB$$e1fe25c3] is not eligible for getting processed by all BeanPostProcessors (for example: not eligible for auto-proxying)
2021-01-02 18:12:31.306  INFO 13744 --- [           main] o.s.b.w.embedded.tomcat.TomcatWebServer  : Tomcat initialized with port(s): 0 (http)
2021-01-02 18:12:31.365  INFO 13744 --- [           main] o.apache.catalina.core.StandardService   : Starting service [Tomcat]
2021-01-02 18:12:31.366  INFO 13744 --- [           main] org.apache.catalina.core.StandardEngine  : Starting Servlet engine: [Apache Tomcat/9.0.19]
2021-01-02 18:12:31.642  INFO 13744 --- [           main] o.a.c.c.C.[Tomcat].[localhost].[/]       : Initializing Spring embedded WebApplicationContext
2021-01-02 18:12:31.643  INFO 13744 --- [           main] o.s.web.context.ContextLoader            : Root WebApplicationContext: initialization completed in 3675 ms
2021-01-02 18:12:32.122  INFO 13744 --- [           main] com.zaxxer.hikari.HikariDataSource       : HikariPool-1 - Starting...
2021-01-02 18:12:32.442  INFO 13744 --- [           main] com.zaxxer.hikari.HikariDataSource       : HikariPool-1 - Start completed.
2021-01-02 18:12:32.606  INFO 13744 --- [           main] o.hibernate.jpa.internal.util.LogHelper  : HHH000204: Processing PersistenceUnitInfo [
	name: default
	...]
2021-01-02 18:12:32.754  INFO 13744 --- [           main] org.hibernate.Version                    : HHH000412: Hibernate Core {5.3.10.Final}
2021-01-02 18:12:32.760  INFO 13744 --- [           main] org.hibernate.cfg.Environment            : HHH000206: hibernate.properties not found
2021-01-02 18:12:32.838  INFO 13744 --- [           main] o.hibernate.annotations.common.Version   : HCANN000001: Hibernate Commons Annotations {5.0.4.Final}
2021-01-02 18:12:33.114  INFO 13744 --- [           main] org.hibernate.dialect.Dialect            : HHH000400: Using dialect: org.hibernate.dialect.H2Dialect
2021-01-02 18:12:34.190  INFO 13744 --- [           main] j.LocalContainerEntityManagerFactoryBean : Initialized JPA EntityManagerFactory for persistence unit 'default'
2021-01-02 18:12:37.502  WARN 13744 --- [           main] aWebConfiguration$JpaWebMvcConfiguration : spring.jpa.open-in-view is enabled by default. Therefore, database queries may be performed during view rendering. Explicitly configure spring.jpa.open-in-view to disable this warning
2021-01-02 18:12:37.918  INFO 13744 --- [           main] o.s.s.web.DefaultSecurityFilterChain     : Creating filter chain: any request, [org.springframework.security.web.context.request.async.WebAsyncManagerIntegrationFilter@413eaf5d, org.springframework.security.web.context.SecurityContextPersistenceFilter@13cf5f8a, org.springframework.security.web.header.HeaderWriterFilter@f44d033, org.springframework.web.filter.CorsFilter@3e28af44, org.springframework.security.web.authentication.logout.LogoutFilter@47e60b71, com.example.demo.security.JWTAuthenticationFilter@33891646, com.example.demo.security.JWTAuthenticationVerficationFilter@3bdbf8d3, org.springframework.security.web.savedrequest.RequestCacheAwareFilter@72f3acc9, org.springframework.security.web.servletapi.SecurityContextHolderAwareRequestFilter@13390a96, org.springframework.security.web.authentication.AnonymousAuthenticationFilter@f2becb2, org.springframework.security.web.session.SessionManagementFilter@25e95af1, org.springframework.security.web.access.ExceptionTranslationFilter@af9dd34, org.springframework.security.web.access.intercept.FilterSecurityInterceptor@2aa07d80]
2021-01-02 18:12:38.688  INFO 13744 --- [           main] o.s.s.concurrent.ThreadPoolTaskExecutor  : Initializing ExecutorService 'applicationTaskExecutor'
2021-01-02 18:12:39.460  INFO 13744 --- [           main] o.s.b.w.embedded.tomcat.TomcatWebServer  : Tomcat started on port(s): 50278 (http) with context path ''
2021-01-02 18:12:39.466  INFO 13744 --- [           main] com.example.demo.LoginTest               : Started LoginTest in 12.106 seconds (JVM running for 15.892)
2021-01-02 18:12:39.793  INFO 13744 --- [o-auto-1-exec-1] o.a.c.c.C.[Tomcat].[localhost].[/]       : Initializing Spring DispatcherServlet 'dispatcherServlet'
2021-01-02 18:12:39.794  INFO 13744 --- [o-auto-1-exec-1] o.s.web.servlet.DispatcherServlet        : Initializing Servlet 'dispatcherServlet'
2021-01-02 18:12:39.853  INFO 13744 --- [o-auto-1-exec-1] o.s.web.servlet.DispatcherServlet        : Completed initialization in 58 ms
2021-01-02 18:12:40.040  INFO 13744 --- [o-auto-1-exec-1] c.e.demo.controllers.UserController      : Create User with UserName ravikr42 is received
2021-01-02 18:12:40.743  INFO 13744 --- [o-auto-1-exec-2] o.h.h.i.QueryTranslatorFactoryInitiator  : HHH000397: Using ASTQueryTranslatorFactory
[INFO] Tests run: 2, Failures: 0, Errors: 0, Skipped: 0, Time elapsed: 15.328 s - in com.example.demo.LoginTest
[INFO] Running com.example.demo.SareetaApplicationTests
2021-01-02 18:12:41.932  INFO 13744 --- [           main] .b.t.c.SpringBootTestContextBootstrapper : Neither @ContextConfiguration nor @ContextHierarchy found for test class [com.example.demo.SareetaApplicationTests], using SpringBootContextLoader
2021-01-02 18:12:41.934  INFO 13744 --- [           main] o.s.t.c.support.AbstractContextLoader    : Could not detect default resource locations for test class [com.example.demo.SareetaApplicationTests]: no resource found for suffixes {-context.xml, Context.groovy}.
2021-01-02 18:12:41.935  INFO 13744 --- [           main] t.c.s.AnnotationConfigContextLoaderUtils : Could not detect default configuration classes for test class [com.example.demo.SareetaApplicationTests]: SareetaApplicationTests does not declare any static, non-private, non-final, nested classes annotated with @Configuration.
2021-01-02 18:12:41.940  INFO 13744 --- [           main] .b.t.c.SpringBootTestContextBootstrapper : Found @SpringBootConfiguration com.example.demo.SareetaApplication for test class com.example.demo.SareetaApplicationTests
2021-01-02 18:12:41.944  INFO 13744 --- [           main] .b.t.c.SpringBootTestContextBootstrapper : Loaded default TestExecutionListener class names from location [META-INF/spring.factories]: [org.springframework.security.test.context.support.WithSecurityContextTestExecutionListener, org.springframework.security.test.context.support.ReactorContextTestExecutionListener, org.springframework.test.context.web.ServletTestExecutionListener, org.springframework.test.context.support.DirtiesContextBeforeModesTestExecutionListener, org.springframework.test.context.support.DependencyInjectionTestExecutionListener, org.springframework.test.context.support.DirtiesContextTestExecutionListener, org.springframework.test.context.transaction.TransactionalTestExecutionListener, org.springframework.test.context.jdbc.SqlScriptsTestExecutionListener, org.springframework.boot.test.mock.mockito.MockitoTestExecutionListener, org.springframework.boot.test.mock.mockito.ResetMocksTestExecutionListener, org.springframework.boot.test.autoconfigure.restdocs.RestDocsTestExecutionListener, org.springframework.boot.test.autoconfigure.web.client.MockRestServiceServerResetTestExecutionListener, org.springframework.boot.test.autoconfigure.web.servlet.MockMvcPrintOnlyOnFailureTestExecutionListener, org.springframework.boot.test.autoconfigure.web.servlet.WebDriverTestExecutionListener]
2021-01-02 18:12:41.947  INFO 13744 --- [           main] .b.t.c.SpringBootTestContextBootstrapper : Using TestExecutionListeners: [org.springframework.test.context.web.ServletTestExecutionListener@49153009, org.springframework.test.context.support.DirtiesContextBeforeModesTestExecutionListener@a1b7549, org.springframework.boot.test.mock.mockito.MockitoTestExecutionListener@7aa63f50, org.springframework.boot.test.autoconfigure.SpringBootDependencyInjectionTestExecutionListener@142918a0, org.springframework.test.context.support.DirtiesContextTestExecutionListener@745cf754, org.springframework.test.context.transaction.TransactionalTestExecutionListener@25bc65ab, org.springframework.test.context.jdbc.SqlScriptsTestExecutionListener@6eab92f3, org.springframework.security.test.context.support.WithSecurityContextTestExecutionListener@321b7b9e, org.springframework.security.test.context.support.ReactorContextTestExecutionListener@21eedcde, org.springframework.boot.test.mock.mockito.ResetMocksTestExecutionListener@67396475, org.springframework.boot.test.autoconfigure.restdocs.RestDocsTestExecutionListener@55b74e6b, org.springframework.boot.test.autoconfigure.web.client.MockRestServiceServerResetTestExecutionListener@3c1908c8, org.springframework.boot.test.autoconfigure.web.servlet.MockMvcPrintOnlyOnFailureTestExecutionListener@6bc62bb9, org.springframework.boot.test.autoconfigure.web.servlet.WebDriverTestExecutionListener@47f0e078]

  .   ____          _            __ _ _
 /\\ / ___'_ __ _ _(_)_ __  __ _ \ \ \ \
( ( )\___ | '_ | '_| | '_ \/ _` | \ \ \ \
 \\/  ___)| |_)| | | | | || (_| |  ) ) ) )
  '  |____| .__|_| |_|_| |_\__, | / / / /
 =========|_|==============|___/=/_/_/_/
 :: Spring Boot ::        (v2.1.5.RELEASE)

2021-01-02 18:12:42.100  INFO 13744 --- [           main] c.example.demo.SareetaApplicationTests   : Starting SareetaApplicationTests on DESKTOP-1C4NRSG with PID 13744 (started by kumarravi in C:\Users\kumarravi\.jenkins\workspace\eCommerce-BuildAndRun)
2021-01-02 18:12:42.108  INFO 13744 --- [           main] c.example.demo.SareetaApplicationTests   : No active profile set, falling back to default profiles: default
2021-01-02 18:12:42.642  INFO 13744 --- [           main] .s.d.r.c.RepositoryConfigurationDelegate : Bootstrapping Spring Data repositories in DEFAULT mode.
2021-01-02 18:12:42.670  INFO 13744 --- [           main] .s.d.r.c.RepositoryConfigurationDelegate : Finished Spring Data repository scanning in 28ms. Found 4 repository interfaces.
2021-01-02 18:12:42.960  INFO 13744 --- [           main] trationDelegate$BeanPostProcessorChecker : Bean 'org.springframework.transaction.annotation.ProxyTransactionManagementConfiguration' of type [org.springframework.transaction.annotation.ProxyTransactionManagementConfiguration$$EnhancerBySpringCGLIB$$e1fe25c3] is not eligible for getting processed by all BeanPostProcessors (for example: not eligible for auto-proxying)
2021-01-02 18:12:43.122  INFO 13744 --- [           main] com.zaxxer.hikari.HikariDataSource       : HikariPool-2 - Starting...
2021-01-02 18:12:43.125  INFO 13744 --- [           main] com.zaxxer.hikari.HikariDataSource       : HikariPool-2 - Start completed.
2021-01-02 18:12:43.179  INFO 13744 --- [           main] o.hibernate.jpa.internal.util.LogHelper  : HHH000204: Processing PersistenceUnitInfo [
	name: default
	...]
2021-01-02 18:12:43.198  INFO 13744 --- [           main] org.hibernate.dialect.Dialect            : HHH000400: Using dialect: org.hibernate.dialect.H2Dialect
2021-01-02 18:12:43.432  INFO 13744 --- [           main] j.LocalContainerEntityManagerFactoryBean : Initialized JPA EntityManagerFactory for persistence unit 'default'
2021-01-02 18:12:44.124  WARN 13744 --- [           main] aWebConfiguration$JpaWebMvcConfiguration : spring.jpa.open-in-view is enabled by default. Therefore, database queries may be performed during view rendering. Explicitly configure spring.jpa.open-in-view to disable this warning
2021-01-02 18:12:44.261  INFO 13744 --- [           main] o.s.s.web.DefaultSecurityFilterChain     : Creating filter chain: any request, [org.springframework.security.web.context.request.async.WebAsyncManagerIntegrationFilter@574327ed, org.springframework.security.web.context.SecurityContextPersistenceFilter@7646c9f5, org.springframework.security.web.header.HeaderWriterFilter@687f62a5, org.springframework.web.filter.CorsFilter@4c7f2fdb, org.springframework.security.web.authentication.logout.LogoutFilter@2e64ae1a, com.example.demo.security.JWTAuthenticationFilter@1b5cf611, com.example.demo.security.JWTAuthenticationVerficationFilter@3d01ea33, org.springframework.security.web.savedrequest.RequestCacheAwareFilter@7b54a0a4, org.springframework.security.web.servletapi.SecurityContextHolderAwareRequestFilter@682d9f21, org.springframework.security.web.authentication.AnonymousAuthenticationFilter@73b3ce31, org.springframework.security.web.session.SessionManagementFilter@7857cb1d, org.springframework.security.web.access.ExceptionTranslationFilter@4a18e0f1, org.springframework.security.web.access.intercept.FilterSecurityInterceptor@729a9c3d]
2021-01-02 18:12:44.691  INFO 13744 --- [           main] o.s.s.concurrent.ThreadPoolTaskExecutor  : Initializing ExecutorService 'applicationTaskExecutor'
2021-01-02 18:12:45.186  INFO 13744 --- [           main] c.example.demo.SareetaApplicationTests   : Started SareetaApplicationTests in 3.204 seconds (JVM running for 21.612)
[INFO] Tests run: 1, Failures: 0, Errors: 0, Skipped: 0, Time elapsed: 3.268 s - in com.example.demo.SareetaApplicationTests
2021-01-02 18:12:45.246  INFO 13744 --- [       Thread-4] o.s.s.concurrent.ThreadPoolTaskExecutor  : Shutting down ExecutorService 'applicationTaskExecutor'
2021-01-02 18:12:45.263  INFO 13744 --- [       Thread-6] o.s.s.concurrent.ThreadPoolTaskExecutor  : Shutting down ExecutorService 'applicationTaskExecutor'
2021-01-02 18:12:45.264  INFO 13744 --- [       Thread-4] j.LocalContainerEntityManagerFactoryBean : Closing JPA EntityManagerFactory for persistence unit 'default'
2021-01-02 18:12:45.268  INFO 13744 --- [       Thread-6] j.LocalContainerEntityManagerFactoryBean : Closing JPA EntityManagerFactory for persistence unit 'default'
2021-01-02 18:12:45.272  INFO 13744 --- [       Thread-4] com.zaxxer.hikari.HikariDataSource       : HikariPool-1 - Shutdown initiated...
2021-01-02 18:12:45.274  INFO 13744 --- [       Thread-6] com.zaxxer.hikari.HikariDataSource       : HikariPool-2 - Shutdown initiated...
2021-01-02 18:12:45.287  INFO 13744 --- [       Thread-6] com.zaxxer.hikari.HikariDataSource       : HikariPool-2 - Shutdown completed.
2021-01-02 18:12:45.287  INFO 13744 --- [       Thread-4] com.zaxxer.hikari.HikariDataSource       : HikariPool-1 - Shutdown completed.
[INFO]
[INFO] Results:
[INFO]
[INFO] Tests run: 23, Failures: 0, Errors: 0, Skipped: 0
[INFO]
[INFO] ------------------------------------------------------------------------
[INFO] BUILD SUCCESS
[INFO] ------------------------------------------------------------------------
[INFO] Total time:  33.679 s
[INFO] Finished at: 2021-01-02T18:12:45+05:30
[INFO] ------------------------------------------------------------------------
Finished: SUCCESS